2013-09-22 12:49:39 [INFO] Starting minecraft server version 1.6.4
2013-09-22 12:49:39 [INFO] Loading properties
2013-09-22 12:49:39 [WARNING] server.properties does not exist
2013-09-22 12:49:39 [INFO] Generating new properties file
2013-09-22 12:49:39 [INFO] Default game type: SURVIVAL
2013-09-22 12:49:39 [INFO] Generating keypair
2013-09-22 12:49:44 [INFO] Starting Minecraft server on *:25565
2013-09-22 12:49:51 [INFO] This server is running CraftBukkit version git-Bukkit-1.6.2-R1.0-16-g8a54306 (MC: 1.6.4) (Implementing API version 1.6.4-R0.1-SNAPSHOT)
2013-09-22 12:49:52 [WARNING] Failed to load operators list: java.io.FileNotFoundException: .\ops.txt (The system cannot find the file specified)
2013-09-22 12:49:52 [WARNING] Failed to load white-list: java.io.FileNotFoundException: .\white-list.txt (The system cannot find the file specified)
2013-09-22 12:49:52 [WARNING] Could not get information about this CraftBukkit version; perhaps you are running a custom one?: FileNotFoundException
2013-09-22 12:49:53 [INFO] Preparing level "world"
2013-09-22 12:49:59 [INFO] Preparing start region for level 0 (Seed: -558526835051398823)
2013-09-22 12:50:00 [INFO] Preparing spawn area: 0%
2013-09-22 12:50:01 [INFO] Preparing spawn area: 0%
2013-09-22 12:50:02 [INFO] Preparing spawn area: 3%
2013-09-22 12:50:04 [INFO] Preparing spawn area: 4%
2013-09-22 12:50:06 [INFO] Preparing spawn area: 4%
2013-09-22 12:50:07 [INFO] Preparing spawn area: 5%
2013-09-22 12:50:08 [INFO] Preparing spawn area: 5%
2013-09-22 12:50:11 [INFO] Preparing spawn area: 6%
2013-09-22 12:50:12 [INFO] Preparing spawn area: 7%
2013-09-22 12:50:13 [INFO] Preparing spawn area: 8%
2013-09-22 12:50:14 [INFO] Preparing spawn area: 10%
2013-09-22 12:50:15 [INFO] Preparing spawn area: 11%
2013-09-22 12:50:16 [INFO] Preparing spawn area: 12%
2013-09-22 12:50:17 [INFO] Preparing spawn area: 13%
2013-09-22 12:50:18 [INFO] Preparing spawn area: 14%
2013-09-22 12:50:19 [INFO] Preparing spawn area: 15%
2013-09-22 12:50:21 [INFO] Preparing spawn area: 16%
2013-09-22 12:50:22 [INFO] Preparing spawn area: 17%
2013-09-22 12:50:23 [INFO] Preparing spawn area: 18%
2013-09-22 12:50:25 [INFO] Preparing spawn area: 19%
2013-09-22 12:50:26 [INFO] Preparing spawn area: 20%
2013-09-22 12:50:27 [INFO] Preparing spawn area: 20%
2013-09-22 12:50:28 [INFO] Preparing spawn area: 21%
2013-09-22 12:50:29 [INFO] Preparing spawn area: 23%
2013-09-22 12:50:30 [INFO] Preparing spawn area: 24%
2013-09-22 12:50:32 [INFO] Preparing spawn area: 26%
2013-09-22 12:50:33 [INFO] Preparing spawn area: 28%
2013-09-22 12:50:34 [INFO] Preparing spawn area: 30%
2013-09-22 12:50:35 [INFO] Preparing spawn area: 31%
2013-09-22 12:50:36 [INFO] Preparing spawn area: 32%
2013-09-22 12:50:37 [INFO] Preparing spawn area: 33%
2013-09-22 12:50:38 [INFO] Preparing spawn area: 34%
2013-09-22 12:50:39 [INFO] Preparing spawn area: 35%
2013-09-22 12:50:41 [INFO] Preparing spawn area: 36%
2013-09-22 12:50:42 [INFO] Preparing spawn area: 37%
2013-09-22 12:50:43 [INFO] Preparing spawn area: 38%
2013-09-22 12:50:46 [INFO] Preparing spawn area: 39%
2013-09-22 12:50:47 [INFO] Preparing spawn area: 40%
2013-09-22 12:50:48 [INFO] Preparing spawn area: 41%
2013-09-22 12:50:49 [INFO] Preparing spawn area: 41%
2013-09-22 12:50:50 [INFO] Preparing spawn area: 42%
2013-09-22 12:50:51 [INFO] Preparing spawn area: 43%
2013-09-22 12:50:52 [INFO] Preparing spawn area: 44%
2013-09-22 12:50:53 [INFO] Preparing spawn area: 45%
2013-09-22 12:50:55 [INFO] Preparing spawn area: 45%
2013-09-22 12:50:56 [INFO] Preparing spawn area: 47%
2013-09-22 12:50:57 [INFO] Preparing spawn area: 48%
2013-09-22 12:50:58 [INFO] Preparing spawn area: 49%
2013-09-22 12:50:59 [INFO] Preparing spawn area: 51%
2013-09-22 12:51:00 [INFO] Preparing spawn area: 52%
2013-09-22 12:51:01 [INFO] Preparing spawn area: 53%
2013-09-22 12:51:02 [INFO] Preparing spawn area: 54%
2013-09-22 12:51:03 [INFO] Preparing spawn area: 56%
2013-09-22 12:51:05 [INFO] Preparing spawn area: 57%
2013-09-22 12:51:06 [INFO] Preparing spawn area: 58%
2013-09-22 12:51:07 [INFO] Preparing spawn area: 59%
2013-09-22 12:51:08 [INFO] Preparing spawn area: 60%
2013-09-22 12:51:09 [INFO] Preparing spawn area: 61%
2013-09-22 12:51:11 [INFO] Preparing spawn area: 61%
2013-09-22 12:51:12 [INFO] Preparing spawn area: 63%
2013-09-22 12:51:13 [INFO] Preparing spawn area: 64%
2013-09-22 12:51:14 [INFO] Preparing spawn area: 66%
2013-09-22 12:51:15 [INFO] Preparing spawn area: 67%
2013-09-22 12:51:16 [INFO] Preparing spawn area: 68%
2013-09-22 12:51:17 [INFO] Preparing spawn area: 69%
2013-09-22 12:51:18 [INFO] Preparing spawn area: 70%
2013-09-22 12:51:20 [INFO] Preparing spawn area: 72%
2013-09-22 12:51:21 [INFO] Preparing spawn area: 72%
2013-09-22 12:51:22 [INFO] Preparing spawn area: 74%
2013-09-22 12:51:23 [INFO] Preparing spawn area: 76%
2013-09-22 12:51:24 [INFO] Preparing spawn area: 76%
2013-09-22 12:51:26 [INFO] Preparing spawn area: 78%
2013-09-22 12:51:27 [INFO] Preparing spawn area: 79%
2013-09-22 12:51:28 [INFO] Preparing spawn area: 80%
2013-09-22 12:51:29 [INFO] Preparing spawn area: 81%
2013-09-22 12:51:30 [INFO] Preparing spawn area: 81%
2013-09-22 12:51:31 [INFO] Preparing spawn area: 83%
2013-09-22 12:51:32 [INFO] Preparing spawn area: 84%
2013-09-22 12:51:33 [INFO] Preparing spawn area: 85%
2013-09-22 12:51:34 [INFO] Preparing spawn area: 86%
2013-09-22 12:51:36 [INFO] Preparing spawn area: 87%
2013-09-22 12:51:37 [INFO] Preparing spawn area: 89%
2013-09-22 12:51:38 [INFO] Preparing spawn area: 89%
2013-09-22 12:51:39 [INFO] Preparing spawn area: 91%
2013-09-22 12:51:40 [INFO] Preparing spawn area: 93%
2013-09-22 12:51:41 [INFO] Preparing spawn area: 94%
2013-09-22 12:51:42 [INFO] Preparing spawn area: 95%
2013-09-22 12:51:46 [INFO] Preparing spawn area: 96%
2013-09-22 12:51:47 [INFO] Preparing spawn area: 97%
2013-09-22 12:51:48 [INFO] Preparing spawn area: 98%
2013-09-22 12:51:49 [INFO] Preparing spawn area: 98%
2013-09-22 12:51:50 [INFO] Preparing spawn area: 99%
2013-09-22 12:51:51 [INFO] Preparing start region for level 1 (Seed: -558526835051398823)
2013-09-22 12:51:53 [INFO] Preparing spawn area: 0%
2013-09-22 12:51:54 [INFO] Preparing spawn area: 1%
2013-09-22 12:51:55 [INFO] Preparing spawn area: 2%
2013-09-22 12:51:56 [INFO] Preparing spawn area: 4%
2013-09-22 12:51:57 [INFO] Preparing spawn area: 6%
2013-09-22 12:51:58 [INFO] Preparing spawn area: 8%
2013-09-22 12:51:59 [INFO] Preparing spawn area: 11%
2013-09-22 12:52:02 [INFO] Preparing spawn area: 13%
2013-09-22 12:52:03 [INFO] Preparing spawn area: 17%
2013-09-22 12:52:04 [INFO] Preparing spawn area: 21%
2013-09-22 12:52:05 [INFO] Preparing spawn area: 22%
2013-09-22 12:52:06 [INFO] Preparing spawn area: 27%
2013-09-22 12:52:08 [INFO] Preparing spawn area: 32%
2013-09-22 12:52:09 [INFO] Preparing spawn area: 33%
2013-09-22 12:52:10 [INFO] Preparing spawn area: 35%
2013-09-22 12:52:11 [INFO] Preparing spawn area: 38%
2013-09-22 12:52:12 [INFO] Preparing spawn area: 40%
2013-09-22 12:52:13 [INFO] Preparing spawn area: 41%
2013-09-22 12:52:14 [INFO] Preparing spawn area: 45%
2013-09-22 12:52:15 [INFO] Preparing spawn area: 48%
2013-09-22 12:52:17 [INFO] Preparing spawn area: 49%
2013-09-22 12:52:19 [INFO] Preparing spawn area: 51%
2013-09-22 12:52:20 [INFO] Preparing spawn area: 55%
2013-09-22 12:52:21 [INFO] Preparing spawn area: 60%
2013-09-22 12:52:22 [INFO] Preparing spawn area: 63%
2013-09-22 12:52:23 [INFO] Preparing spawn area: 67%
2013-09-22 12:52:24 [INFO] Preparing spawn area: 70%
2013-09-22 12:52:25 [INFO] Preparing spawn area: 72%
2013-09-22 12:52:26 [INFO] Preparing spawn area: 76%
2013-09-22 12:52:27 [INFO] Preparing spawn area: 81%
2013-09-22 12:52:28 [INFO] Preparing spawn area: 83%
2013-09-22 12:52:30 [INFO] Preparing spawn area: 84%
2013-09-22 12:52:32 [INFO] Preparing spawn area: 87%
2013-09-22 12:52:33 [INFO] Preparing spawn area: 89%
2013-09-22 12:52:34 [INFO] Preparing spawn area: 93%
2013-09-22 12:52:35 [INFO] Preparing spawn area: 97%
2013-09-22 12:52:35 [INFO] Preparing start region for level 2 (Seed: -558526835051398823)
2013-09-22 12:52:37 [INFO] Preparing spawn area: 2%
2013-09-22 12:52:38 [INFO] Preparing spawn area: 9%
2013-09-22 12:52:39 [INFO] Preparing spawn area: 20%
2013-09-22 12:52:40 [INFO] Preparing spawn area: 31%
2013-09-22 12:52:41 [INFO] Preparing spawn area: 41%
2013-09-22 12:52:42 [INFO] Preparing spawn area: 49%
2013-09-22 12:52:43 [INFO] Preparing spawn area: 53%
2013-09-22 12:52:44 [INFO] Preparing spawn area: 57%
2013-09-22 12:52:45 [INFO] Preparing spawn area: 66%
2013-09-22 12:52:46 [INFO] Preparing spawn area: 72%
2013-09-22 12:52:47 [INFO] Preparing spawn area: 74%
2013-09-22 12:52:48 [INFO] Preparing spawn area: 79%
2013-09-22 12:52:49 [INFO] Preparing spawn area: 82%
2013-09-22 12:52:50 [INFO] Preparing spawn area: 90%
2013-09-22 12:52:52 [INFO] Done (180.257s)! For help, type "help" or "?"
2013-09-22 12:53:15 [WARNING] Can't keep up! Did the system time change, or is the server overloaded?
2013-09-22 12:53:21 [WARNING] Can't keep up! Did the system time change, or is the server overloaded?
2013-09-22 12:55:40 [WARNING] Can't keep up! Did the system time change, or is the server overloaded?
2013-09-22 13:09:49 [WARNING] Can't keep up! Did the system time change, or is the server overloaded?
2013-09-22 14:01:42 [WARNING] Can't keep up! Did the system time change, or is the server overloaded?
2013-09-22 15:23:03 [WARNING] Can't keep up! Did the system time change, or is the server overloaded?
2013-09-22 16:42:59 [WARNING] Can't keep up! Did the system time change, or is the server overloaded?
2013-09-22 17:03:07 [WARNING] Can't keep up! Did the system time change, or is the server overloaded?
2013-09-22 17:03:14 [WARNING] Can't keep up! Did the system time change, or is the server overloaded?
2013-09-22 17:46:38 [WARNING] Can't keep up! Did the system time change, or is the server overloaded?
2013-09-22 17:46:48 [WARNING] Can't keep up! Did the system time change, or is the server overloaded?
